build/outputs/logs/manifest-merger-debug-report.txt
-- Merging decision tree log ---
manifest
ADDED from Scrivania/Launcher/AndroidManifest.xml:20:1-211:12
	package
		ADDED from Scrivania/Launcher/AndroidManifest.xml:22:5-36
		INJECTED from Scrivania/Launcher/AndroidManifest.xml
		INJECTED from Scrivania/Launcher/AndroidManifest.xml
	android:versionName
		INJECTED from Scrivania/Launcher/AndroidManifest.xml
		INJECTED from Scrivania/Launcher/AndroidManifest.xml
	xmlns:android
		ADDED from Scrivania/Launcher/AndroidManifest.xml:21:5-63
	android:versionCode
		INJECTED from Scrivania/Launcher/AndroidManifest.xml
		INJECTED from Scrivania/Launcher/AndroidManifest.xml
uses-sdk
ADDED from Scrivania/Launcher/AndroidManifest.xml:23:5-73
MERGED from [com.android.support:recyclerview-v7:23.1.1] AndroidManifest.xml:20:5-43
MERGED from [com.android.support:support-v4:23.1.1] AndroidManifest.xml:20:5-43
	android:targetSdkVersion
		ADDED from Scrivania/Launcher/AndroidManifest.xml:23:15-44
		INJECTED from Scrivania/Launcher/AndroidManifest.xml
		INJECTED from Scrivania/Launcher/AndroidManifest.xml
	android:minSdkVersion
		ADDED from Scrivania/Launcher/AndroidManifest.xml:23:45-71
		INJECTED from Scrivania/Launcher/AndroidManifest.xml
		INJECTED from Scrivania/Launcher/AndroidManifest.xml
permission#com.android.launcher.permission.INSTALL_SHORTCUT
ADDED from Scrivania/Launcher/AndroidManifest.xml:25:5-30:67
	android:label
		ADDED from Scrivania/Launcher/AndroidManifest.xml:29:9-57
	android:protectionLevel
		ADDED from Scrivania/Launcher/AndroidManifest.xml:28:9-44
	android:permissionGroup
		ADDED from Scrivania/Launcher/AndroidManifest.xml:27:9-72
	android:description
		ADDED from Scrivania/Launcher/AndroidManifest.xml:30:9-64
	android:name
		ADDED from Scrivania/Launcher/AndroidManifest.xml:26:9-72
permission#com.android.launcher3.permission.READ_SETTINGS
ADDED from Scrivania/Launcher/AndroidManifest.xml:31:5-36:63
	android:label
		ADDED from Scrivania/Launcher/AndroidManifest.xml:35:9-54
	android:protectionLevel
		ADDED from Scrivania/Launcher/AndroidManifest.xml:34:9-41
	android:permissionGroup
		ADDED from Scrivania/Launcher/AndroidManifest.xml:33:9-72
	android:description
		ADDED from Scrivania/Launcher/AndroidManifest.xml:36:9-61
	android:name
		ADDED from Scrivania/Launcher/AndroidManifest.xml:32:9-70
permission#com.android.launcher3.permission.WRITE_SETTINGS
ADDED from Scrivania/Launcher/AndroidManifest.xml:37:5-42:64
	android:label
		ADDED from Scrivania/Launcher/AndroidManifest.xml:41:9-55
	android:protectionLevel
		ADDED from Scrivania/Launcher/AndroidManifest.xml:40:9-52
	android:permissionGroup
		ADDED from Scrivania/Launcher/AndroidManifest.xml:39:9-72
	android:description
		ADDED from Scrivania/Launcher/AndroidManifest.xml:42:9-62
	android:name
		ADDED from Scrivania/Launcher/AndroidManifest.xml:38:9-71
permission#com.android.launcher3.permission.RECEIVE_LAUNCH_BROADCASTS
ADDED from Scrivania/Launcher/AndroidManifest.xml:43:5-46:11
	android:protectionLevel
		ADDED from Scrivania/Launcher/AndroidManifest.xml:45:9-44
	android:name
		ADDED from Scrivania/Launcher/AndroidManifest.xml:44:9-82
permission#com.android.launcher3.permission.RECEIVE_FIRST_LOAD_BROADCAST
ADDED from Scrivania/Launcher/AndroidManifest.xml:47:5-49:55
	android:protectionLevel
		ADDED from Scrivania/Launcher/AndroidManifest.xml:49:9-52
	android:name
		ADDED from Scrivania/Launcher/AndroidManifest.xml:48:9-85
uses-permission#android.permission.CALL_PHONE
ADDED from Scrivania/Launcher/AndroidManifest.xml:51:5-69
	android:name
		ADDED from Scrivania/Launcher/AndroidManifest.xml:51:22-66
uses-permission#android.permission.SET_WALLPAPER
ADDED from Scrivania/Launcher/AndroidManifest.xml:52:5-72
	android:name
		ADDED from Scrivania/Launcher/AndroidManifest.xml:52:22-69
uses-permission#android.permission.SET_WALLPAPER_HINTS
ADDED from Scrivania/Launcher/AndroidManifest.xml:53:5-78
	android:name
		ADDED from Scrivania/Launcher/AndroidManifest.xml:53:22-75
uses-permission#android.permission.VIBRATE
ADDED from Scrivania/Launcher/AndroidManifest.xml:54:5-66
	android:name
		ADDED from Scrivania/Launcher/AndroidManifest.xml:54:22-63
uses-permission#android.permission.BIND_APPWIDGET
ADDED from Scrivania/Launcher/AndroidManifest.xml:55:5-73
	android:name
		ADDED from Scrivania/Launcher/AndroidManifest.xml:55:22-70
uses-permission#android.permission.READ_EXTERNAL_STORAGE
ADDED from Scrivania/Launcher/AndroidManifest.xml:56:5-80
	android:name
		ADDED from Scrivania/Launcher/AndroidManifest.xml:56:22-77
uses-permission#android.permission.BROADCAST_STICKY
ADDED from Scrivania/Launcher/AndroidManifest.xml:57:5-74
	android:name
		ADDED from Scrivania/Launcher/AndroidManifest.xml:57:22-72
uses-permission#android.permission.RECEIVE_BOOT_COMPLETED
ADDED from Scrivania/Launcher/AndroidManifest.xml:58:5-81
	android:name
		ADDED from Scrivania/Launcher/AndroidManifest.xml:58:22-78
uses-permission#com.android.launcher.permission.READ_SETTINGS
ADDED from Scrivania/Launcher/AndroidManifest.xml:59:5-85
	android:name
		ADDED from Scrivania/Launcher/AndroidManifest.xml:59:22-82
uses-permission#com.android.launcher.permission.WRITE_SETTINGS
ADDED from Scrivania/Launcher/AndroidManifest.xml:60:5-86
	android:name
		ADDED from Scrivania/Launcher/AndroidManifest.xml:60:22-83
uses-permission#com.android.launcher3.permission.READ_SETTINGS
ADDED from Scrivania/Launcher/AndroidManifest.xml:61:5-86
	android:name
		ADDED from Scrivania/Launcher/AndroidManifest.xml:61:22-83
uses-permission#com.android.launcher3.permission.WRITE_SETTINGS
ADDED from Scrivania/Launcher/AndroidManifest.xml:62:5-87
	android:name
		ADDED from Scrivania/Launcher/AndroidManifest.xml:62:22-84
uses-permission#com.android.launcher3.permission.RECEIVE_LAUNCH_BROADCASTS
ADDED from Scrivania/Launcher/AndroidManifest.xml:63:5-98
	android:name
		ADDED from Scrivania/Launcher/AndroidManifest.xml:63:22-95
uses-permission#com.android.launcher3.permission.RECEIVE_FIRST_LOAD_BROADCAST
ADDED from Scrivania/Launcher/AndroidManifest.xml:64:5-101
	android:name
		ADDED from Scrivania/Launcher/AndroidManifest.xml:64:22-98
application
ADDED from Scrivania/Launcher/AndroidManifest.xml:66:5-210:19
MERGED from [com.android.support:support-v4:23.1.1] AndroidManifest.xml:22:5-20
	android:backupAgent
		ADDED from Scrivania/Launcher/AndroidManifest.xml:68:9-78
	android:label
		ADDED from Scrivania/Launcher/AndroidManifest.xml:71:9-41
	android:supportsRtl
		ADDED from Scrivania/Launcher/AndroidManifest.xml:74:9-35
	android:hardwareAccelerated
		ADDED from Scrivania/Launcher/AndroidManifest.xml:69:9-43
	android:allowBackup
		ADDED from Scrivania/Launcher/AndroidManifest.xml:67:9-50
	android:icon
		ADDED from Scrivania/Launcher/AndroidManifest.xml:70:9-48
	android:largeHeap
		ADDED from Scrivania/Launcher/AndroidManifest.xml:72:9-51
	android:restoreAnyVersion
		ADDED from Scrivania/Launcher/AndroidManifest.xml:73:9-41
activity#com.android.launcher3.Launcher
ADDED from Scrivania/Launcher/AndroidManifest.xml:76:9-94:20
	android:clearTaskOnLaunch
		ADDED from Scrivania/Launcher/AndroidManifest.xml:79:13-45
	android:enabled
		ADDED from Scrivania/Launcher/AndroidManifest.xml:87:13-35
	android:screenOrientation
		ADDED from Scrivania/Launcher/AndroidManifest.xml:83:13-49
	android:stateNotNeeded
		ADDED from Scrivania/Launcher/AndroidManifest.xml:80:13-42
	android:launchMode
		ADDED from Scrivania/Launcher/AndroidManifest.xml:78:13-44
	android:windowSoftInputMode
		ADDED from Scrivania/Launcher/AndroidManifest.xml:82:13-52
	android:resumeWhilePausing
		ADDED from Scrivania/Launcher/AndroidManifest.xml:85:13-46
	android:configChanges
		ADDED from Scrivania/Launcher/AndroidManifest.xml:84:13-71
	android:theme
		ADDED from Scrivania/Launcher/AndroidManifest.xml:81:13-41
	android:taskAffinity
		ADDED from Scrivania/Launcher/AndroidManifest.xml:86:13-36
	android:name
		ADDED from Scrivania/Launcher/AndroidManifest.xml:77:13-58
intent-filter#android.intent.action.MAIN+android.intent.category.DEFAULT+android.intent.category.HOME+android.intent.category.MONKEY
ADDED from Scrivania/Launcher/AndroidManifest.xml:88:13-93:29
action#android.intent.action.MAIN
ADDED from Scrivania/Launcher/AndroidManifest.xml:89:17-69
	android:name
		ADDED from Scrivania/Launcher/AndroidManifest.xml:89:25-66
category#android.intent.category.HOME
ADDED from Scrivania/Launcher/AndroidManifest.xml:90:17-73
	android:name
		ADDED from Scrivania/Launcher/AndroidManifest.xml:90:27-70
category#android.intent.category.DEFAULT
ADDED from Scrivania/Launcher/AndroidManifest.xml:91:17-76
	android:name
		ADDED from Scrivania/Launcher/AndroidManifest.xml:91:27-73
category#android.intent.category.MONKEY
ADDED from Scrivania/Launcher/AndroidManifest.xml:92:17-74
	android:name
		ADDED from Scrivania/Launcher/AndroidManifest.xml:92:27-72
activity#com.android.launcher3.WallpaperPickerActivity
ADDED from Scrivania/Launcher/AndroidManifest.xml:96:9-107:20
	android:finishOnCloseSystemDialogs
		ADDED from Scrivania/Launcher/AndroidManifest.xml:101:13-54
	android:process
		ADDED from Scrivania/Launcher/AndroidManifest.xml:102:13-49
	android:label
		ADDED from Scrivania/Launcher/AndroidManifest.xml:99:13-51
	android:icon
		ADDED from Scrivania/Launcher/AndroidManifest.xml:100:13-57
	android:theme
		ADDED from Scrivania/Launcher/AndroidManifest.xml:98:13-57
	android:name
		ADDED from Scrivania/Launcher/AndroidManifest.xml:97:13-73
intent-filter#android.intent.action.SET_WALLPAPER+android.intent.category.DEFAULT
ADDED from Scrivania/Launcher/AndroidManifest.xml:103:13-106:29
action#android.intent.action.SET_WALLPAPER
ADDED from Scrivania/Launcher/AndroidManifest.xml:104:17-78
	android:name
		ADDED from Scrivania/Launcher/AndroidManifest.xml:104:25-75
activity#com.android.launcher3.WallpaperCropActivity
ADDED from Scrivania/Launcher/AndroidManifest.xml:109:9-121:20
	android:finishOnCloseSystemDialogs
		ADDED from Scrivania/Launcher/AndroidManifest.xml:114:13-54
	android:process
		ADDED from Scrivania/Launcher/AndroidManifest.xml:115:13-49
	android:label
		ADDED from Scrivania/Launcher/AndroidManifest.xml:112:13-51
	android:icon
		ADDED from Scrivania/Launcher/AndroidManifest.xml:113:13-57
	android:theme
		ADDED from Scrivania/Launcher/AndroidManifest.xml:111:13-58
	android:name
		ADDED from Scrivania/Launcher/AndroidManifest.xml:110:13-71
intent-filter#android.intent.category.DEFAULT+android.service.wallpaper.CROP_AND_SET_WALLPAPER
ADDED from Scrivania/Launcher/AndroidManifest.xml:116:13-120:29
action#android.service.wallpaper.CROP_AND_SET_WALLPAPER
ADDED from Scrivania/Launcher/AndroidManifest.xml:117:17-91
	android:name
		ADDED from Scrivania/Launcher/AndroidManifest.xml:117:25-88
data
ADDED from Scrivania/Launcher/AndroidManifest.xml:119:17-52
	android:mimeType
		ADDED from Scrivania/Launcher/AndroidManifest.xml:119:23-49
activity#com.android.launcher3.SettingsActivity
ADDED from Scrivania/Launcher/AndroidManifest.xml:123:9-128:20
	android:process
		ADDED from Scrivania/Launcher/AndroidManifest.xml:127:13-48
	android:label
		ADDED from Scrivania/Launcher/AndroidManifest.xml:125:13-57
	android:autoRemoveFromRecents
		ADDED from Scrivania/Launcher/AndroidManifest.xml:126:13-49
	android:name
		ADDED from Scrivania/Launcher/AndroidManifest.xml:124:13-66
receiver#com.android.launcher3.InstallShortcutReceiver
ADDED from Scrivania/Launcher/AndroidManifest.xml:131:9-137:20
	android:permission
		ADDED from Scrivania/Launcher/AndroidManifest.xml:133:13-82
	android:name
		ADDED from Scrivania/Launcher/AndroidManifest.xml:132:13-73
intent-filter#com.android.launcher.action.INSTALL_SHORTCUT
ADDED from Scrivania/Launcher/AndroidManifest.xml:134:13-136:29
action#com.android.launcher.action.INSTALL_SHORTCUT
ADDED from Scrivania/Launcher/AndroidManifest.xml:135:17-87
	android:name
		ADDED from Scrivania/Launcher/AndroidManifest.xml:135:25-84
receiver#com.android.launcher3.AppWidgetsRestoredReceiver
ADDED from Scrivania/Launcher/AndroidManifest.xml:140:9-144:20
	android:name
		ADDED from Scrivania/Launcher/AndroidManifest.xml:140:19-82
intent-filter#android.appwidget.action.APPWIDGET_HOST_RESTORED
ADDED from Scrivania/Launcher/AndroidManifest.xml:141:13-143:29
action#android.appwidget.action.APPWIDGET_HOST_RESTORED
ADDED from Scrivania/Launcher/AndroidManifest.xml:142:17-90
	android:name
		ADDED from Scrivania/Launcher/AndroidManifest.xml:142:25-88
receiver#com.android.launcher3.StartupReceiver
ADDED from Scrivania/Launcher/AndroidManifest.xml:146:9-150:20
	android:name
		ADDED from Scrivania/Launcher/AndroidManifest.xml:146:19-71
intent-filter#android.intent.action.BOOT_COMPLETED
ADDED from Scrivania/Launcher/AndroidManifest.xml:147:13-149:29
action#android.intent.action.BOOT_COMPLETED
ADDED from Scrivania/Launcher/AndroidManifest.xml:148:17-79
	android:name
		ADDED from Scrivania/Launcher/AndroidManifest.xml:148:25-76
provider#com.android.launcher3.LauncherProvider
ADDED from Scrivania/Launcher/AndroidManifest.xml:153:9-158:87
	android:readPermission
		ADDED from Scrivania/Launcher/AndroidManifest.xml:158:13-84
	android:authorities
		ADDED from Scrivania/Launcher/AndroidManifest.xml:155:13-65
	android:exported
		ADDED from Scrivania/Launcher/AndroidManifest.xml:156:13-36
	android:name
		ADDED from Scrivania/Launcher/AndroidManifest.xml:154:13-66
	android:writePermission
		ADDED from Scrivania/Launcher/AndroidManifest.xml:157:13-86
meta-data#android.nfc.disable_beam_default
ADDED from Scrivania/Launcher/AndroidManifest.xml:160:9-161:47
	android:value
		ADDED from Scrivania/Launcher/AndroidManifest.xml:161:24-44
	android:name
		ADDED from Scrivania/Launcher/AndroidManifest.xml:160:20-67
activity#com.android.launcher3.testing.LauncherExtension
ADDED from Scrivania/Launcher/AndroidManifest.xml:164:9-179:20
	android:clearTaskOnLaunch
		ADDED from Scrivania/Launcher/AndroidManifest.xml:167:13-45
	android:screenOrientation
		ADDED from Scrivania/Launcher/AndroidManifest.xml:171:13-49
	android:stateNotNeeded
		ADDED from Scrivania/Launcher/AndroidManifest.xml:168:13-42
	android:launchMode
		ADDED from Scrivania/Launcher/AndroidManifest.xml:166:13-44
	android:windowSoftInputMode
		ADDED from Scrivania/Launcher/AndroidManifest.xml:170:13-52
	android:theme
		ADDED from Scrivania/Launcher/AndroidManifest.xml:169:13-41
	android:name
		ADDED from Scrivania/Launcher/AndroidManifest.xml:165:13-75
activity#com.android.launcher3.testing.MemoryDumpActivity
ADDED from Scrivania/Launcher/AndroidManifest.xml:181:9-193:20
	android:label
		ADDED from Scrivania/Launcher/AndroidManifest.xml:184:13-36
	android:excludeFromRecents
		ADDED from Scrivania/Launcher/AndroidManifest.xml:185:13-46
	android:icon
		ADDED from Scrivania/Launcher/AndroidManifest.xml:186:13-52
	android:theme
		ADDED from Scrivania/Launcher/AndroidManifest.xml:183:13-59
	android:name
		ADDED from Scrivania/Launcher/AndroidManifest.xml:182:13-76
intent-filter#android.intent.action.MAIN+android.intent.category.DEFAULT+android.intent.category.LAUNCHER
ADDED from Scrivania/Launcher/AndroidManifest.xml:188:13-192:29
category#android.intent.category.LAUNCHER
ADDED from Scrivania/Launcher/AndroidManifest.xml:191:17-77
	android:name
		ADDED from Scrivania/Launcher/AndroidManifest.xml:191:27-74
activity#com.android.launcher3.testing.ToggleWeightWatcher
ADDED from Scrivania/Launcher/AndroidManifest.xml:195:9-204:20
	android:label
		ADDED from Scrivania/Launcher/AndroidManifest.xml:197:13-37
	android:icon
		ADDED from Scrivania/Launcher/AndroidManifest.xml:198:13-52
	android:name
		ADDED from Scrivania/Launcher/AndroidManifest.xml:196:13-77
service#com.android.launcher3.testing.MemoryTracker
ADDED from Scrivania/Launcher/AndroidManifest.xml:206:9-79
	android:name
		ADDED from Scrivania/Launcher/AndroidManifest.xml:206:18-76